2017-11-07 13:37:24,410 [Worker-1] INFO  c.g.t.t.d.PublishedGradleVersions - Gradle version information cache is up-to-date. Trying to read.
2017-11-07 13:39:57,155 [Worker-17] INFO  o.e.m.c.i.l.LifecycleMappingFactory - Using org.eclipse.m2e.jdt.JarLifecycleMapping lifecycle mapping for MavenProject: com.niit:collaborationBackEnd:1.0.0 @ F:\all workspace\collaboration_projectSam\collaborationBackEnd\pom.xml.
2017-11-07 13:39:57,550 [Worker-17] INFO  o.e.m.c.i.l.LifecycleMappingFactory - Using org.maven.ide.eclipse.wtp.WarLifecycleMapping lifecycle mapping for MavenProject: com.niit:collaborationControllers:0.0.1-SNAPSHOT @ F:\all workspace\collaboration_projectSam\collaborationControllers\pom.xml.
2017-11-07 13:40:07,871 [Worker-22] INFO  o.e.m.c.i.embedder.EclipseLogger - Using 'UTF-8' encoding to copy filtered resources.
2017-11-07 13:40:07,872 [Worker-22] INFO  o.e.m.c.i.embedder.EclipseLogger - skip non existing resourceDirectory F:\all workspace\collaboration_projectSam\collaborationBackEnd\src\main\resources
2017-11-07 13:40:07,875 [Worker-22] INFO  o.e.m.c.i.embedder.EclipseLogger - Using 'UTF-8' encoding to copy filtered resources.
2017-11-07 13:40:07,875 [Worker-22] INFO  o.e.m.c.i.embedder.EclipseLogger - skip non existing resourceDirectory F:\all workspace\collaboration_projectSam\collaborationBackEnd\src\test\resources
2017-11-07 13:40:08,404 [Worker-22] WARN  o.e.m.c.i.embedder.EclipseLogger - Using platform encoding (Cp1252 actually) to copy filtered resources, i.e. build is platform dependent!
2017-11-07 13:40:08,405 [Worker-22] INFO  o.e.m.c.i.embedder.EclipseLogger - skip non existing resourceDirectory F:\all workspace\collaboration_projectSam\collaborationControllers\src\main\resources
2017-11-07 13:40:08,407 [Worker-22] WARN  o.e.m.c.i.embedder.EclipseLogger - Using platform encoding (Cp1252 actually) to copy filtered resources, i.e. build is platform dependent!
2017-11-07 13:40:08,408 [Worker-22] INFO  o.e.m.c.i.embedder.EclipseLogger - skip non existing resourceDirectory F:\all workspace\collaboration_projectSam\collaborationControllers\src\test\resources
2017-11-07 13:46:52,615 [Worker-23] INFO  o.e.m.i.launch.MavenLaunchDelegate - F:\all workspace\collaboration_projectSam\collaborationBackEnd
2017-11-07 13:46:52,617 [Worker-23] INFO  o.e.m.i.launch.MavenLaunchDelegate -  mvn -B clean
2017-11-07 13:46:54,941 [Worker-21] INFO  o.e.m.c.i.embedder.EclipseLogger - Using 'UTF-8' encoding to copy filtered resources.
2017-11-07 13:46:54,941 [Worker-21] INFO  o.e.m.c.i.embedder.EclipseLogger - skip non existing resourceDirectory F:\all workspace\collaboration_projectSam\collaborationBackEnd\src\main\resources
2017-11-07 13:46:54,942 [Worker-21] INFO  o.e.m.c.i.embedder.EclipseLogger - Using 'UTF-8' encoding to copy filtered resources.
2017-11-07 13:46:54,942 [Worker-21] INFO  o.e.m.c.i.embedder.EclipseLogger - skip non existing resourceDirectory F:\all workspace\collaboration_projectSam\collaborationBackEnd\src\test\resources
2017-11-07 13:46:59,680 [Worker-25] INFO  o.e.m.i.launch.MavenLaunchDelegate - F:\all workspace\collaboration_projectSam\collaborationBackEnd
2017-11-07 13:46:59,680 [Worker-25] INFO  o.e.m.i.launch.MavenLaunchDelegate -  mvn -B install
2017-11-07 13:47:02,723 [Worker-26] INFO  o.e.m.c.i.embedder.EclipseLogger - Using 'UTF-8' encoding to copy filtered resources.
2017-11-07 13:47:02,724 [Worker-26] INFO  o.e.m.c.i.embedder.EclipseLogger - skip non existing resourceDirectory F:\all workspace\collaboration_projectSam\collaborationBackEnd\src\main\resources
2017-11-07 13:47:02,725 [Worker-26] INFO  o.e.m.c.i.embedder.EclipseLogger - Using 'UTF-8' encoding to copy filtered resources.
2017-11-07 13:47:02,726 [Worker-26] INFO  o.e.m.c.i.embedder.EclipseLogger - skip non existing resourceDirectory F:\all workspace\collaboration_projectSam\collaborationBackEnd\src\test\resources
2017-11-07 13:48:40,183 [Worker-21] INFO  o.e.m.c.i.embedder.EclipseLogger - Using 'UTF-8' encoding to copy filtered resources.
2017-11-07 13:48:40,183 [Worker-21] INFO  o.e.m.c.i.embedder.EclipseLogger - skip non existing resourceDirectory F:\all workspace\collaboration_projectSam\collaborationBackEnd\src\main\resources
2017-11-07 13:48:40,185 [Worker-21] INFO  o.e.m.c.i.embedder.EclipseLogger - Using 'UTF-8' encoding to copy filtered resources.
2017-11-07 13:48:40,185 [Worker-21] INFO  o.e.m.c.i.embedder.EclipseLogger - skip non existing resourceDirectory F:\all workspace\collaboration_projectSam\collaborationBackEnd\src\test\resources
2017-11-07 13:48:40,374 [Worker-21] WARN  o.e.m.c.i.embedder.EclipseLogger - Using platform encoding (Cp1252 actually) to copy filtered resources, i.e. build is platform dependent!
2017-11-07 13:48:40,374 [Worker-21] INFO  o.e.m.c.i.embedder.EclipseLogger - skip non existing resourceDirectory F:\all workspace\collaboration_projectSam\collaborationControllers\src\main\resources
2017-11-07 13:48:40,376 [Worker-21] WARN  o.e.m.c.i.embedder.EclipseLogger - Using platform encoding (Cp1252 actually) to copy filtered resources, i.e. build is platform dependent!
2017-11-07 13:48:40,377 [Worker-21] INFO  o.e.m.c.i.embedder.EclipseLogger - skip non existing resourceDirectory F:\all workspace\collaboration_projectSam\collaborationControllers\src\test\resources
2017-11-07 13:48:45,327 [Worker-21] INFO  o.e.m.c.i.embedder.EclipseLogger - Using 'UTF-8' encoding to copy filtered resources.
2017-11-07 13:48:45,327 [Worker-21] INFO  o.e.m.c.i.embedder.EclipseLogger - skip non existing resourceDirectory F:\all workspace\collaboration_projectSam\collaborationBackEnd\src\main\resources
2017-11-07 13:48:45,329 [Worker-21] INFO  o.e.m.c.i.embedder.EclipseLogger - Using 'UTF-8' encoding to copy filtered resources.
2017-11-07 13:48:45,329 [Worker-21] INFO  o.e.m.c.i.embedder.EclipseLogger - skip non existing resourceDirectory F:\all workspace\collaboration_projectSam\collaborationBackEnd\src\test\resources
2017-11-07 13:48:50,461 [Worker-23] INFO  o.e.m.i.launch.MavenLaunchDelegate - F:\all workspace\collaboration_projectSam\collaborationBackEnd
2017-11-07 13:48:50,461 [Worker-23] INFO  o.e.m.i.launch.MavenLaunchDelegate -  mvn -B clean
2017-11-07 13:48:53,479 [Worker-26] INFO  o.e.m.c.i.embedder.EclipseLogger - Using 'UTF-8' encoding to copy filtered resources.
2017-11-07 13:48:53,479 [Worker-26] INFO  o.e.m.c.i.embedder.EclipseLogger - skip non existing resourceDirectory F:\all workspace\collaboration_projectSam\collaborationBackEnd\src\main\resources
2017-11-07 13:48:53,481 [Worker-26] INFO  o.e.m.c.i.embedder.EclipseLogger - Using 'UTF-8' encoding to copy filtered resources.
2017-11-07 13:48:53,482 [Worker-26] INFO  o.e.m.c.i.embedder.EclipseLogger - skip non existing resourceDirectory F:\all workspace\collaboration_projectSam\collaborationBackEnd\src\test\resources
2017-11-07 13:49:10,329 [Worker-18] INFO  o.e.m.i.launch.MavenLaunchDelegate - F:\all workspace\collaboration_projectSam\collaborationBackEnd
2017-11-07 13:49:10,329 [Worker-18] INFO  o.e.m.i.launch.MavenLaunchDelegate -  mvn -B install
2017-11-07 13:49:17,389 [Worker-23] INFO  o.e.m.c.i.embedder.EclipseLogger - Using 'UTF-8' encoding to copy filtered resources.
2017-11-07 13:49:17,390 [Worker-23] INFO  o.e.m.c.i.embedder.EclipseLogger - skip non existing resourceDirectory F:\all workspace\collaboration_projectSam\collaborationBackEnd\src\main\resources
2017-11-07 13:49:17,393 [Worker-23] INFO  o.e.m.c.i.embedder.EclipseLogger - Using 'UTF-8' encoding to copy filtered resources.
2017-11-07 13:49:17,394 [Worker-23] INFO  o.e.m.c.i.embedder.EclipseLogger - skip non existing resourceDirectory F:\all workspace\collaboration_projectSam\collaborationBackEnd\src\test\resources
2017-11-07 13:49:22,759 [Worker-29] INFO  o.e.m.i.launch.MavenLaunchDelegate - F:\all workspace\collaboration_projectSam\collaborationControllers
2017-11-07 13:49:22,759 [Worker-29] INFO  o.e.m.i.launch.MavenLaunchDelegate -  mvn -B clean
2017-11-07 13:49:24,542 [Worker-29] WARN  o.e.m.c.i.embedder.EclipseLogger - Using platform encoding (Cp1252 actually) to copy filtered resources, i.e. build is platform dependent!
2017-11-07 13:49:24,543 [Worker-29] INFO  o.e.m.c.i.embedder.EclipseLogger - skip non existing resourceDirectory F:\all workspace\collaboration_projectSam\collaborationControllers\src\main\resources
2017-11-07 13:49:24,544 [Worker-29] WARN  o.e.m.c.i.embedder.EclipseLogger - Using platform encoding (Cp1252 actually) to copy filtered resources, i.e. build is platform dependent!
2017-11-07 13:49:24,545 [Worker-29] INFO  o.e.m.c.i.embedder.EclipseLogger - skip non existing resourceDirectory F:\all workspace\collaboration_projectSam\collaborationControllers\src\test\resources
2017-11-07 13:49:24,546 [Worker-29] INFO  o.e.m.w.i.f.ResourceFilteringBuildParticipant - Changed resources require a complete clean of filtered resources of collaborationControllers
2017-11-07 13:49:24,547 [Worker-29] INFO  o.e.m.w.i.f.ResourceFilteringBuildParticipant - Executing resource filtering for collaborationControllers
2017-11-07 13:49:24,573 [Worker-29] WARN  o.e.m.c.i.embedder.EclipseLogger - Using platform encoding (Cp1252 actually) to copy filtered resources, i.e. build is platform dependent!
2017-11-07 13:49:29,672 [Worker-25] INFO  o.e.m.i.launch.MavenLaunchDelegate - F:\all workspace\collaboration_projectSam\collaborationControllers
2017-11-07 13:49:29,672 [Worker-25] INFO  o.e.m.i.launch.MavenLaunchDelegate -  mvn -B install
2017-11-07 13:49:35,696 [Worker-29] WARN  o.e.m.c.i.embedder.EclipseLogger - Using platform encoding (Cp1252 actually) to copy filtered resources, i.e. build is platform dependent!
2017-11-07 13:49:35,696 [Worker-29] INFO  o.e.m.c.i.embedder.EclipseLogger - skip non existing resourceDirectory F:\all workspace\collaboration_projectSam\collaborationControllers\src\main\resources
2017-11-07 13:49:35,698 [Worker-29] WARN  o.e.m.c.i.embedder.EclipseLogger - Using platform encoding (Cp1252 actually) to copy filtered resources, i.e. build is platform dependent!
2017-11-07 13:49:35,699 [Worker-29] INFO  o.e.m.c.i.embedder.EclipseLogger - skip non existing resourceDirectory F:\all workspace\collaboration_projectSam\collaborationControllers\src\test\resources
2017-11-07 13:50:05,278 [Worker-28] WARN  o.e.m.c.i.embedder.EclipseLogger - Using platform encoding (Cp1252 actually) to copy filtered resources, i.e. build is platform dependent!
2017-11-07 13:50:05,280 [Worker-28] INFO  o.e.m.c.i.embedder.EclipseLogger - skip non existing resourceDirectory F:\all workspace\collaboration_projectSam\collaborationControllers\src\main\resources
2017-11-07 13:50:05,320 [Worker-28] WARN  o.e.m.c.i.embedder.EclipseLogger - Using platform encoding (Cp1252 actually) to copy filtered resources, i.e. build is platform dependent!
2017-11-07 13:50:05,322 [Worker-28] INFO  o.e.m.c.i.embedder.EclipseLogger - skip non existing resourceDirectory F:\all workspace\collaboration_projectSam\collaborationControllers\src\test\resources
2017-11-07 13:50:54,283 [Worker-29] INFO  o.e.m.c.i.embedder.EclipseLogger - Using 'UTF-8' encoding to copy filtered resources.
2017-11-07 13:50:54,284 [Worker-29] INFO  o.e.m.c.i.embedder.EclipseLogger - skip non existing resourceDirectory F:\all workspace\collaboration_projectSam\collaborationBackEnd\src\main\resources
2017-11-07 13:50:54,288 [Worker-29] INFO  o.e.m.c.i.embedder.EclipseLogger - Using 'UTF-8' encoding to copy filtered resources.
2017-11-07 13:50:54,288 [Worker-29] INFO  o.e.m.c.i.embedder.EclipseLogger - skip non existing resourceDirectory F:\all workspace\collaboration_projectSam\collaborationBackEnd\src\test\resources
2017-11-07 13:50:54,316 [Worker-29] WARN  o.e.m.c.i.embedder.EclipseLogger - Using platform encoding (Cp1252 actually) to copy filtered resources, i.e. build is platform dependent!
2017-11-07 13:50:54,317 [Worker-29] INFO  o.e.m.c.i.embedder.EclipseLogger - skip non existing resourceDirectory F:\all workspace\collaboration_projectSam\collaborationControllers\src\main\resources
2017-11-07 13:50:54,319 [Worker-29] WARN  o.e.m.c.i.embedder.EclipseLogger - Using platform encoding (Cp1252 actually) to copy filtered resources, i.e. build is platform dependent!
2017-11-07 13:50:54,320 [Worker-29] INFO  o.e.m.c.i.embedder.EclipseLogger - skip non existing resourceDirectory F:\all workspace\collaboration_projectSam\collaborationControllers\src\test\resources
2017-11-07 13:51:04,584 [Worker-28] WARN  o.e.m.c.i.embedder.EclipseLogger - Using platform encoding (Cp1252 actually) to copy filtered resources, i.e. build is platform dependent!
2017-11-07 13:51:04,587 [Worker-28] INFO  o.e.m.c.i.embedder.EclipseLogger - skip non existing resourceDirectory F:\all workspace\collaboration_projectSam\collaborationControllers\src\main\resources
2017-11-07 13:51:04,590 [Worker-28] WARN  o.e.m.c.i.embedder.EclipseLogger - Using platform encoding (Cp1252 actually) to copy filtered resources, i.e. build is platform dependent!
2017-11-07 13:51:04,594 [Worker-28] INFO  o.e.m.c.i.embedder.EclipseLogger - skip non existing resourceDirectory F:\all workspace\collaboration_projectSam\collaborationControllers\src\test\resources
2017-11-07 13:51:09,392 [Worker-25] INFO  o.e.m.i.launch.MavenLaunchDelegate - F:\all workspace\collaboration_projectSam\collaborationControllers
2017-11-07 13:51:09,392 [Worker-25] INFO  o.e.m.i.launch.MavenLaunchDelegate -  mvn -B clean
2017-11-07 13:51:11,215 [Worker-28] WARN  o.e.m.c.i.embedder.EclipseLogger - Using platform encoding (Cp1252 actually) to copy filtered resources, i.e. build is platform dependent!
2017-11-07 13:51:11,216 [Worker-28] INFO  o.e.m.c.i.embedder.EclipseLogger - skip non existing resourceDirectory F:\all workspace\collaboration_projectSam\collaborationControllers\src\main\resources
2017-11-07 13:51:11,217 [Worker-28] WARN  o.e.m.c.i.embedder.EclipseLogger - Using platform encoding (Cp1252 actually) to copy filtered resources, i.e. build is platform dependent!
2017-11-07 13:51:11,218 [Worker-28] INFO  o.e.m.c.i.embedder.EclipseLogger - skip non existing resourceDirectory F:\all workspace\collaboration_projectSam\collaborationControllers\src\test\resources
2017-11-07 13:51:11,218 [Worker-28] INFO  o.e.m.w.i.f.ResourceFilteringBuildParticipant - Changed resources require a complete clean of filtered resources of collaborationControllers
2017-11-07 13:51:11,218 [Worker-28] INFO  o.e.m.w.i.f.ResourceFilteringBuildParticipant - Executing resource filtering for collaborationControllers
2017-11-07 13:51:11,223 [Worker-28] WARN  o.e.m.c.i.embedder.EclipseLogger - Using platform encoding (Cp1252 actually) to copy filtered resources, i.e. build is platform dependent!
2017-11-07 13:51:15,102 [Worker-23] INFO  o.e.m.i.launch.MavenLaunchDelegate - F:\all workspace\collaboration_projectSam\collaborationControllers
2017-11-07 13:51:15,103 [Worker-23] INFO  o.e.m.i.launch.MavenLaunchDelegate -  mvn -B install
2017-11-07 13:51:21,241 [Worker-25] WARN  o.e.m.c.i.embedder.EclipseLogger - Using platform encoding (Cp1252 actually) to copy filtered resources, i.e. build is platform dependent!
2017-11-07 13:51:21,242 [Worker-25] INFO  o.e.m.c.i.embedder.EclipseLogger - skip non existing resourceDirectory F:\all workspace\collaboration_projectSam\collaborationControllers\src\main\resources
2017-11-07 13:51:21,244 [Worker-25] WARN  o.e.m.c.i.embedder.EclipseLogger - Using platform encoding (Cp1252 actually) to copy filtered resources, i.e. build is platform dependent!
2017-11-07 13:51:21,245 [Worker-25] INFO  o.e.m.c.i.embedder.EclipseLogger - skip non existing resourceDirectory F:\all workspace\collaboration_projectSam\collaborationControllers\src\test\resources
2017-11-07 13:52:31,003 [main] INFO  o.e.m2e.actions.ExecutePomAction - Creating new launch configuration
2017-11-07 13:56:57,980 [Worker-23] INFO  o.e.m.c.i.embedder.EclipseLogger - Using 'UTF-8' encoding to copy filtered resources.
2017-11-07 13:56:57,980 [Worker-23] INFO  o.e.m.c.i.embedder.EclipseLogger - skip non existing resourceDirectory F:\all workspace\collaboration_projectSam\collaborationBackEnd\src\main\resources
2017-11-07 13:56:57,981 [Worker-23] INFO  o.e.m.c.i.embedder.EclipseLogger - Using 'UTF-8' encoding to copy filtered resources.
2017-11-07 13:56:57,982 [Worker-23] INFO  o.e.m.c.i.embedder.EclipseLogger - skip non existing resourceDirectory F:\all workspace\collaboration_projectSam\collaborationBackEnd\src\test\resources
2017-11-07 13:56:57,992 [Worker-23] WARN  o.e.m.c.i.embedder.EclipseLogger - Using platform encoding (Cp1252 actually) to copy filtered resources, i.e. build is platform dependent!
2017-11-07 13:56:57,993 [Worker-23] INFO  o.e.m.c.i.embedder.EclipseLogger - skip non existing resourceDirectory F:\all workspace\collaboration_projectSam\collaborationControllers\src\main\resources
2017-11-07 13:56:57,996 [Worker-23] WARN  o.e.m.c.i.embedder.EclipseLogger - Using platform encoding (Cp1252 actually) to copy filtered resources, i.e. build is platform dependent!
2017-11-07 13:56:57,997 [Worker-23] INFO  o.e.m.c.i.embedder.EclipseLogger - skip non existing resourceDirectory F:\all workspace\collaboration_projectSam\collaborationControllers\src\test\resources
2017-11-07 16:05:28,303 [Worker-31] WARN  o.e.m.c.i.embedder.EclipseLogger - Using platform encoding (Cp1252 actually) to copy filtered resources, i.e. build is platform dependent!
2017-11-07 16:05:28,319 [Worker-31] INFO  o.e.m.c.i.embedder.EclipseLogger - skip non existing resourceDirectory F:\all workspace\collaboration_projectSam\collaborationControllers\src\main\resources
2017-11-07 16:05:28,319 [Worker-31] WARN  o.e.m.c.i.embedder.EclipseLogger - Using platform encoding (Cp1252 actually) to copy filtered resources, i.e. build is platform dependent!
2017-11-07 16:05:28,319 [Worker-31] INFO  o.e.m.c.i.embedder.EclipseLogger - skip non existing resourceDirectory F:\all workspace\collaboration_projectSam\collaborationControllers\src\test\resources
2017-11-07 16:17:56,503 [Worker-39] INFO  o.e.m.i.launch.MavenLaunchDelegate - F:\all workspace\collaboration_projectSam\collaborationBackEnd
2017-11-07 16:17:56,503 [Worker-39] INFO  o.e.m.i.launch.MavenLaunchDelegate -  mvn -B clean
2017-11-07 16:17:58,263 [Worker-47] INFO  o.e.m.c.i.embedder.EclipseLogger - Using 'UTF-8' encoding to copy filtered resources.
2017-11-07 16:17:58,263 [Worker-47] INFO  o.e.m.c.i.embedder.EclipseLogger - skip non existing resourceDirectory F:\all workspace\collaboration_projectSam\collaborationBackEnd\src\main\resources
2017-11-07 16:17:58,265 [Worker-47] INFO  o.e.m.c.i.embedder.EclipseLogger - Using 'UTF-8' encoding to copy filtered resources.
2017-11-07 16:17:58,265 [Worker-47] INFO  o.e.m.c.i.embedder.EclipseLogger - skip non existing resourceDirectory F:\all workspace\collaboration_projectSam\collaborationBackEnd\src\test\resources
2017-11-07 16:18:53,102 [Worker-47] INFO  o.e.m.i.launch.MavenLaunchDelegate - F:\all workspace\collaboration_projectSam\collaborationBackEnd
2017-11-07 16:18:53,102 [Worker-47] INFO  o.e.m.i.launch.MavenLaunchDelegate -  mvn -B clean
2017-11-07 16:18:54,813 [Worker-45] INFO  o.e.m.c.i.embedder.EclipseLogger - Using 'UTF-8' encoding to copy filtered resources.
2017-11-07 16:18:54,813 [Worker-45] INFO  o.e.m.c.i.embedder.EclipseLogger - skip non existing resourceDirectory F:\all workspace\collaboration_projectSam\collaborationBackEnd\src\main\resources
2017-11-07 16:18:54,816 [Worker-45] INFO  o.e.m.c.i.embedder.EclipseLogger - Using 'UTF-8' encoding to copy filtered resources.
2017-11-07 16:18:54,816 [Worker-45] INFO  o.e.m.c.i.embedder.EclipseLogger - skip non existing resourceDirectory F:\all workspace\collaboration_projectSam\collaborationBackEnd\src\test\resources
2017-11-07 16:19:02,942 [Worker-49] INFO  o.e.m.i.launch.MavenLaunchDelegate - F:\all workspace\collaboration_projectSam\collaborationBackEnd
2017-11-07 16:19:02,942 [Worker-49] INFO  o.e.m.i.launch.MavenLaunchDelegate -  mvn -B install
2017-11-07 16:19:08,563 [Worker-47] INFO  o.e.m.c.i.embedder.EclipseLogger - Using 'UTF-8' encoding to copy filtered resources.
2017-11-07 16:19:08,564 [Worker-47] INFO  o.e.m.c.i.embedder.EclipseLogger - skip non existing resourceDirectory F:\all workspace\collaboration_projectSam\collaborationBackEnd\src\main\resources
2017-11-07 16:19:08,566 [Worker-47] INFO  o.e.m.c.i.embedder.EclipseLogger - Using 'UTF-8' encoding to copy filtered resources.
2017-11-07 16:19:08,567 [Worker-47] INFO  o.e.m.c.i.embedder.EclipseLogger - skip non existing resourceDirectory F:\all workspace\collaboration_projectSam\collaborationBackEnd\src\test\resources
2017-11-07 16:19:23,798 [Worker-46] INFO  o.e.m.i.launch.MavenLaunchDelegate - F:\all workspace\collaboration_projectSam\collaborationControllers
2017-11-07 16:19:23,798 [Worker-46] INFO  o.e.m.i.launch.MavenLaunchDelegate -  mvn -B clean
2017-11-07 16:19:25,528 [Worker-39] WARN  o.e.m.c.i.embedder.EclipseLogger - Using platform encoding (Cp1252 actually) to copy filtered resources, i.e. build is platform dependent!
2017-11-07 16:19:25,528 [Worker-39] INFO  o.e.m.c.i.embedder.EclipseLogger - skip non existing resourceDirectory F:\all workspace\collaboration_projectSam\collaborationControllers\src\main\resources
2017-11-07 16:19:25,530 [Worker-39] WARN  o.e.m.c.i.embedder.EclipseLogger - Using platform encoding (Cp1252 actually) to copy filtered resources, i.e. build is platform dependent!
2017-11-07 16:19:25,531 [Worker-39] INFO  o.e.m.c.i.embedder.EclipseLogger - skip non existing resourceDirectory F:\all workspace\collaboration_projectSam\collaborationControllers\src\test\resources
2017-11-07 16:19:25,531 [Worker-39] INFO  o.e.m.w.i.f.ResourceFilteringBuildParticipant - Changed resources require a complete clean of filtered resources of collaborationControllers
2017-11-07 16:19:25,531 [Worker-39] INFO  o.e.m.w.i.f.ResourceFilteringBuildParticipant - Executing resource filtering for collaborationControllers
2017-11-07 16:19:25,542 [Worker-39] WARN  o.e.m.c.i.embedder.EclipseLogger - Using platform encoding (Cp1252 actually) to copy filtered resources, i.e. build is platform dependent!
2017-11-07 16:19:32,870 [Worker-39] INFO  o.e.m.i.launch.MavenLaunchDelegate - F:\all workspace\collaboration_projectSam\collaborationControllers
2017-11-07 16:19:32,870 [Worker-39] INFO  o.e.m.i.launch.MavenLaunchDelegate -  mvn -B install
2017-11-07 16:19:39,106 [Worker-45] WARN  o.e.m.c.i.embedder.EclipseLogger - Using platform encoding (Cp1252 actually) to copy filtered resources, i.e. build is platform dependent!
2017-11-07 16:19:39,107 [Worker-45] INFO  o.e.m.c.i.embedder.EclipseLogger - skip non existing resourceDirectory F:\all workspace\collaboration_projectSam\collaborationControllers\src\main\resources
2017-11-07 16:19:39,108 [Worker-45] WARN  o.e.m.c.i.embedder.EclipseLogger - Using platform encoding (Cp1252 actually) to copy filtered resources, i.e. build is platform dependent!
2017-11-07 16:19:39,109 [Worker-45] INFO  o.e.m.c.i.embedder.EclipseLogger - skip non existing resourceDirectory F:\all workspace\collaboration_projectSam\collaborationControllers\src\test\resources
2017-11-07 16:22:12,607 [Worker-2] INFO  c.g.t.t.d.PublishedGradleVersions - Gradle version information cache is up-to-date. Trying to read.
2017-11-07 16:22:19,809 [Worker-5] INFO  o.e.m.c.i.embedder.EclipseLogger - Using 'UTF-8' encoding to copy filtered resources.
2017-11-07 16:22:19,810 [Worker-5] INFO  o.e.m.c.i.embedder.EclipseLogger - skip non existing resourceDirectory F:\all workspace\collaboration_projectSam\collaborationBackEnd\src\main\resources
2017-11-07 16:22:19,812 [Worker-5] INFO  o.e.m.c.i.embedder.EclipseLogger - Using 'UTF-8' encoding to copy filtered resources.
2017-11-07 16:22:19,812 [Worker-5] INFO  o.e.m.c.i.embedder.EclipseLogger - skip non existing resourceDirectory F:\all workspace\collaboration_projectSam\collaborationBackEnd\src\test\resources
2017-11-07 16:22:20,842 [Worker-12] WARN  o.e.m.c.i.embedder.EclipseLogger - Using platform encoding (Cp1252 actually) to copy filtered resources, i.e. build is platform dependent!
2017-11-07 16:22:20,843 [Worker-12] INFO  o.e.m.c.i.embedder.EclipseLogger - skip non existing resourceDirectory F:\all workspace\collaboration_projectSam\collaborationControllers\src\main\resources
2017-11-07 16:22:20,844 [Worker-12] WARN  o.e.m.c.i.embedder.EclipseLogger - Using platform encoding (Cp1252 actually) to copy filtered resources, i.e. build is platform dependent!
2017-11-07 16:22:20,845 [Worker-12] INFO  o.e.m.c.i.embedder.EclipseLogger - skip non existing resourceDirectory F:\all workspace\collaboration_projectSam\collaborationControllers\src\test\resources
2017-11-09 13:43:43,410 [Worker-2] INFO  c.g.t.t.d.PublishedGradleVersions - Gradle version information cache is up-to-date. Trying to read.
2017-11-09 13:43:49,161 [Worker-11] WARN  o.e.m.c.i.embedder.EclipseLogger - Using platform encoding (Cp1252 actually) to copy filtered resources, i.e. build is platform dependent!
2017-11-09 13:43:49,164 [Worker-11] INFO  o.e.m.c.i.embedder.EclipseLogger - skip non existing resourceDirectory F:\all workspace\collaboration_projectSam\collaborationControllers\src\main\resources
2017-11-09 13:43:49,168 [Worker-11] WARN  o.e.m.c.i.embedder.EclipseLogger - Using platform encoding (Cp1252 actually) to copy filtered resources, i.e. build is platform dependent!
2017-11-09 13:43:49,169 [Worker-11] INFO  o.e.m.c.i.embedder.EclipseLogger - skip non existing resourceDirectory F:\all workspace\collaboration_projectSam\collaborationControllers\src\test\resources
2017-11-09 13:48:11,634 [Worker-17] INFO  o.e.m.c.i.embedder.EclipseLogger - Using 'UTF-8' encoding to copy filtered resources.
2017-11-09 13:48:11,637 [Worker-17] INFO  o.e.m.c.i.embedder.EclipseLogger - skip non existing resourceDirectory F:\all workspace\collaboration_projectSam\collaborationBackEnd\src\main\resources
2017-11-09 13:48:11,639 [Worker-17] INFO  o.e.m.c.i.embedder.EclipseLogger - Using 'UTF-8' encoding to copy filtered resources.
2017-11-09 13:48:11,639 [Worker-17] INFO  o.e.m.c.i.embedder.EclipseLogger - skip non existing resourceDirectory F:\all workspace\collaboration_projectSam\collaborationBackEnd\src\test\resources
2017-11-09 13:48:12,462 [Worker-17] WARN  o.e.m.c.i.embedder.EclipseLogger - Using platform encoding (Cp1252 actually) to copy filtered resources, i.e. build is platform dependent!
2017-11-09 13:48:12,464 [Worker-17] INFO  o.e.m.c.i.embedder.EclipseLogger - skip non existing resourceDirectory F:\all workspace\collaboration_projectSam\collaborationControllers\src\main\resources
2017-11-09 13:48:12,479 [Worker-17] WARN  o.e.m.c.i.embedder.EclipseLogger - Using platform encoding (Cp1252 actually) to copy filtered resources, i.e. build is platform dependent!
2017-11-09 13:48:12,480 [Worker-17] INFO  o.e.m.c.i.embedder.EclipseLogger - skip non existing resourceDirectory F:\all workspace\collaboration_projectSam\collaborationControllers\src\test\resources
2017-11-09 13:55:23,260 [Worker-1] INFO  c.g.t.t.d.PublishedGradleVersions - Gradle version information cache is up-to-date. Trying to read.
